<?xml version="1.0" encoding="UTF-8"?>
<testsuites name="jest tests" tests="43" failures="0" errors="0" time="2.666">
  <testsuite name="CaloricExpenditureService" errors="0" failures="0" skipped="0" timestamp="2024-06-05T11:49:56" time="0.815" tests="10">
    <testcase classname="CaloricExpenditureService calculates caloric expenditure for a male" name="CaloricExpenditureService calculates caloric expenditure for a male" time="0.007">
    </testcase>
    <testcase classname="CaloricExpenditureService calculates caloric expenditure for a female" name="CaloricExpenditureService calculates caloric expenditure for a female" time="0.001">
    </testcase>
    <testcase classname="CaloricExpenditureService throws error if gender is missing" name="CaloricExpenditureService throws error if gender is missing" time="0.017">
    </testcase>
    <testcase classname="CaloricExpenditureService throws error if gender is invalid" name="CaloricExpenditureService throws error if gender is invalid" time="0.002">
    </testcase>
    <testcase classname="CaloricExpenditureService throws error if weight is missing" name="CaloricExpenditureService throws error if weight is missing" time="0.002">
    </testcase>
    <testcase classname="CaloricExpenditureService throws error if age is missing" name="CaloricExpenditureService throws error if age is missing" time="0.002">
    </testcase>
    <testcase classname="CaloricExpenditureService throws error if weight is invalid" name="CaloricExpenditureService throws error if weight is invalid" time="0.002">
    </testcase>
    <testcase classname="CaloricExpenditureService throws error if age is invalid" name="CaloricExpenditureService throws error if age is invalid" time="0.002">
    </testcase>
    <testcase classname="CaloricExpenditureService throws error if weight exceeds the maximum limit" name="CaloricExpenditureService throws error if weight exceeds the maximum limit" time="0.002">
    </testcase>
    <testcase classname="CaloricExpenditureService throws error if age exceeds the maximum limit" name="CaloricExpenditureService throws error if age exceeds the maximum limit" time="0.002">
    </testcase>
  </testsuite>
  <testsuite name="Dev-ops-3-mark-up" errors="0" failures="0" skipped="0" timestamp="2024-06-05T11:49:56" time="0.28" tests="17">
    <testcase classname="Dev-ops-3-mark-up calculate mark up" name="Dev-ops-3-mark-up calculate mark up" time="0.003">
    </testcase>
    <testcase classname="Dev-ops-3-mark-up calculate final product price" name="Dev-ops-3-mark-up calculate final product price" time="0.001">
    </testcase>
    <testcase classname="Dev-ops-3-mark-up calculate mark up without df" name="Dev-ops-3-mark-up calculate mark up without df" time="0.016">
    </testcase>
    <testcase classname="Dev-ops-3-mark-up calculate mark up without dv" name="Dev-ops-3-mark-up calculate mark up without dv" time="0.001">
    </testcase>
    <testcase classname="Dev-ops-3-mark-up calculate mark up without ml" name="Dev-ops-3-mark-up calculate mark up without ml" time="0.001">
    </testcase>
    <testcase classname="Dev-ops-3-mark-up calculate mark up if df is NAN" name="Dev-ops-3-mark-up calculate mark up if df is NAN" time="0.001">
    </testcase>
    <testcase classname="Dev-ops-3-mark-up calculate mark up if dl is NAN" name="Dev-ops-3-mark-up calculate mark up if dl is NAN" time="0.001">
    </testcase>
    <testcase classname="Dev-ops-3-mark-up calculate mark up if ml is NAN" name="Dev-ops-3-mark-up calculate mark up if ml is NAN" time="0.001">
    </testcase>
    <testcase classname="Dev-ops-3-mark-up calculate mark up if df &lt; 0" name="Dev-ops-3-mark-up calculate mark up if df &lt; 0" time="0.001">
    </testcase>
    <testcase classname="Dev-ops-3-mark-up calculate mark up if dl &lt; 0" name="Dev-ops-3-mark-up calculate mark up if dl &lt; 0" time="0.001">
    </testcase>
    <testcase classname="Dev-ops-3-mark-up calculate mark up if ml &lt; 0" name="Dev-ops-3-mark-up calculate mark up if ml &lt; 0" time="0.002">
    </testcase>
    <testcase classname="Dev-ops-3-mark-up calculate calculate final product price without cp" name="Dev-ops-3-mark-up calculate calculate final product price without cp" time="0.001">
    </testcase>
    <testcase classname="Dev-ops-3-mark-up calculate calculate final product price without mk" name="Dev-ops-3-mark-up calculate calculate final product price without mk" time="0.001">
    </testcase>
    <testcase classname="Dev-ops-3-mark-up calculate calculate final product price if cp is NAN" name="Dev-ops-3-mark-up calculate calculate final product price if cp is NAN" time="0.001">
    </testcase>
    <testcase classname="Dev-ops-3-mark-up calculate calculate final product price if mk is NAN" name="Dev-ops-3-mark-up calculate calculate final product price if mk is NAN" time="0.001">
    </testcase>
    <testcase classname="Dev-ops-3-mark-up calculate calculate final product price if cp&lt;0" name="Dev-ops-3-mark-up calculate calculate final product price if cp&lt;0" time="0.002">
    </testcase>
    <testcase classname="Dev-ops-3-mark-up calculate calculate final product price if mk&lt;0" name="Dev-ops-3-mark-up calculate calculate final product price if mk&lt;0" time="0.001">
    </testcase>
  </testsuite>
  <testsuite name="Temperature testes" errors="0" failures="0" skipped="0" timestamp="2024-06-05T11:49:57" time="0.431" tests="9">
    <testcase classname="Temperature testes Convert from celsius" name="Temperature testes Convert from celsius" time="0.004">
    </testcase>
    <testcase classname="Temperature testes Convert from fahrenheit" name="Temperature testes Convert from fahrenheit" time="0.001">
    </testcase>
    <testcase classname="Temperature testes Convert from kelvin" name="Temperature testes Convert from kelvin" time="0.001">
    </testcase>
    <testcase classname="Temperature testes throws error if celsius is undefined" name="Temperature testes throws error if celsius is undefined" time="0.019">
    </testcase>
    <testcase classname="Temperature testes throws error if fahrenheit is undefined" name="Temperature testes throws error if fahrenheit is undefined" time="0.002">
    </testcase>
    <testcase classname="Temperature testes throws error if kelvin is undefined" name="Temperature testes throws error if kelvin is undefined" time="0.002">
    </testcase>
    <testcase classname="Temperature testes throws error if celsius is NaN" name="Temperature testes throws error if celsius is NaN" time="0.002">
    </testcase>
    <testcase classname="Temperature testes throws error if Fahrenheit is NaN" name="Temperature testes throws error if Fahrenheit is NaN" time="0.001">
    </testcase>
    <testcase classname="Temperature testes throws error if kelvin is NaN&quot;" name="Temperature testes throws error if kelvin is NaN&quot;" time="0.001">
    </testcase>
  </testsuite>
  <testsuite name="CaloricExpenditureController" errors="0" failures="0" skipped="0" timestamp="2024-06-05T11:49:57" time="0.225" tests="2">
    <testcase classname="CaloricExpenditureController returns 200 and calculated caloric expenditure for valid input" name="CaloricExpenditureController returns 200 and calculated caloric expenditure for valid input" time="0.007">
    </testcase>
    <testcase classname="CaloricExpenditureController returns 500 for internal server error" name="CaloricExpenditureController returns 500 for internal server error" time="0.002">
    </testcase>
  </testsuite>
  <testsuite name="Testes de calculo de TMB" errors="0" failures="0" skipped="0" timestamp="2024-06-05T11:49:57" time="0.208" tests="2">
    <testcase classname="Testes de calculo de TMB calculo de TMB para homem de 20 anos, 100 kgs e 180 cm" name="Testes de calculo de TMB calculo de TMB para homem de 20 anos, 100 kgs e 180 cm" time="0.003">
    </testcase>
    <testcase classname="Testes de calculo de TMB calculo de TMB para mulher de 17 anos, 100 kgs e 165 cm" name="Testes de calculo de TMB calculo de TMB para mulher de 17 anos, 100 kgs e 165 cm" time="0.001">
    </testcase>
  </testsuite>
  <testsuite name="Teste IRRF - Imposto de Renda Retido na Fonte" errors="0" failures="0" skipped="0" timestamp="2024-06-05T11:49:58" time="0.195" tests="1">
    <testcase classname="Teste IRRF - Imposto de Renda Retido na Fonte Função calcularIRRF" name="Teste IRRF - Imposto de Renda Retido na Fonte Função calcularIRRF" time="0.005">
    </testcase>
  </testsuite>
  <testsuite name="Teste SDI - Simulador de Investimento" errors="0" failures="0" skipped="0" timestamp="2024-06-05T11:49:58" time="0.175" tests="1">
    <testcase classname="Teste SDI - Simulador de Investimento Funcao Simulador de Investimento Seguro" name="Teste SDI - Simulador de Investimento Funcao Simulador de Investimento Seguro" time="0.003">
    </testcase>
  </testsuite>
  <testsuite name="Teste exemplo 1" errors="0" failures="0" skipped="0" timestamp="2024-06-05T11:49:58" time="0.201" tests="1">
    <testcase classname="Teste exemplo 1 Funcao calcularArea" name="Teste exemplo 1 Funcao calcularArea" time="0.003">
    </testcase>
  </testsuite>
</testsuites>